<?xml version="1.0" encoding="UTF-8"?>
<!-- Generated by org.testng.reporters.JUnitReportReporter -->
<testsuite hostname="LTIN593459" failures="0" tests="4" name="TestCases.TC_02_DiagnosticPage" time="8.329" errors="0" timestamp="2025-04-20T19:13:58 IST" skipped="0">
  <testcase classname="TestCases.TC_02_DiagnosticPage" name="valiationfortitleTC2" time="0.523"/>
  <testcase classname="TestCases.TC_02_DiagnosticPage" name="diagnosticclick" time="6.852"/>
  <testcase classname="TestCases.TC_02_DiagnosticPage" name="validationfordiagnosticpage" time="0.374"/>
  <testcase classname="TestCases.TC_02_DiagnosticPage" name="topcitiesdisplay" time="0.580"/>
</testsuite> <!-- TestCases.TC_02_DiagnosticPage -->
