<?xml version="1.0" encoding="UTF-8"?>
<!-- Generated by org.testng.reporters.JUnitReportReporter -->
<testsuite hostname="LTIN593459" failures="0" tests="4" name="TestCases.TC__03_HealthandWellnessPage" time="17.822" errors="0" timestamp="2025-04-20T19:13:58 IST" skipped="0">
  <testcase classname="TestCases.TC__03_HealthandWellnessPage" name="click" time="3.942"/>
  <testcase classname="TestCases.TC__03_HealthandWellnessPage" name="clickAgainWithExcelData" time="8.268"/>
  <testcase classname="TestCases.TC__03_HealthandWellnessPage" name="clickOnceAgain" time="5.283"/>
  <testcase classname="TestCases.TC__03_HealthandWellnessPage" name="validate_Thankyou" time="0.329"/>
</testsuite> <!-- TestCases.TC__03_HealthandWellnessPage -->
