<?xml version="1.0" encoding="UTF-8"?>
<!-- Generated by org.testng.reporters.JUnitReportReporter -->
<testsuite hostname="LTIN593459" failures="0" tests="4" name="TestCases.TC_01_HospitalList" time="76.967" errors="0" timestamp="2025-04-20T19:13:58 IST" skipped="0">
  <testcase classname="TestCases.TC_01_HospitalList" name="validationoftitle" time="0.432"/>
  <testcase classname="TestCases.TC_01_HospitalList" name="searchforhospitals" time="6.780"/>
  <testcase classname="TestCases.TC_01_HospitalList" name="locationsearch" time="3.054"/>
  <testcase classname="TestCases.TC_01_HospitalList" name="HospitalList" time="66.701"/>
</testsuite> <!-- TestCases.TC_01_HospitalList -->
